<?xml version="1.0" encoding="UTF-8"?>
<testng-results ignored="0" total="1" passed="1" failed="0" skipped="0">
  <reporter-output>
  </reporter-output>
  <suite started-at="2023-05-02T23:23:54 IST" name="Surefire suite" finished-at="2023-05-02T23:24:26 IST" duration-ms="32543">
    <groups>
    </groups>
    <test started-at="2023-05-02T23:23:54 IST" name="Surefire test" finished-at="2023-05-02T23:24:26 IST" duration-ms="32543">
      <class name="org.example.PasteBinTest">
        <test-method signature="PasteBinVerification()[pri:0, instance:org.example.PasteBinTest@43ee72e6]" started-at="2023-05-02T23:23:54 IST" name="PasteBinVerification" finished-at="2023-05-02T23:24:26 IST" duration-ms="32468" status="PASS">
          <reporter-output>
          </reporter-output>
        </test-method> <!-- PasteBinVerification -->
      </class> <!-- org.example.PasteBinTest -->
    </test> <!-- Surefire test -->
  </suite> <!-- Surefire suite -->
</testng-results>
